[0.008][core]-[Info]-[DjiCore_Init:106) Payload SDK Version : V3.9.1-beta.0-build.2090
[0.009][utils]-[Debug]-[DjiCore_RootTask:131) work execution time:
[0.009][utils]-[Debug]-[DjiCore_RootTask:132) name	                execution time (ms)	  max execution time (ms)
[0.009][utils]-[Debug]-[DjiCore_RootTask:134) recorderWork                    	0       	0       
[0.009][utils]-[Debug]-[DjiCore_RootTask:134) flowControllerTask              	0       	0       
[0.046][linker]-[Debug]-[DjiLinker_Init:128) init linker success, protocol:2, channelId:0
[0.046][linker]-[Debug]-[DjiProtocol_v1Pack:123) <0000>V1-Send: 0x0A06->0x0300 0x03FD
[0.066][linker]-[Debug]-[DjiProtocol_v1Pack:123) <0x01>V1-Send: 0x0A06->0x0300 0x03FD
[0.086][linker]-[Debug]-[DjiProtocol_v1Pack:123) <0x02>V1-Send: 0x0A06->0x0300 0x03FD
[0.107][linker]-[Debug]-[DjiProtocol_v1Pack:123) <0x03>V1-Send: 0x0A06->0x0300 0x03FD
[0.127][linker]-[Debug]-[DjiProtocol_v1Pack:123) <0x04>V1-Send: 0x0A06->0x0300 0x03FD
[0.151][linker]-[Debug]-[DjiLinker_DeInit:170) deinit linker success, protocol:2, channelId:0
[0.167][linker]-[Debug]-[DjiLinker_Init:128) init linker success, protocol:2, channelId:0
[0.167][linker]-[Debug]-[DjiProtocol_v1Pack:123) <0000>V1-Send: 0x0507->0x0503 0x03FD
[0.187][linker]-[Debug]-[DjiProtocol_v1Pack:123) <0x01>V1-Send: 0x0507->0x0503 0x03FD
[0.207][linker]-[Debug]-[DjiProtocol_v1Pack:123) <0x02>V1-Send: 0x0507->0x0503 0x03FD
[0.227][linker]-[Debug]-[DjiProtocol_v1Pack:123) <0x03>V1-Send: 0x0507->0x0503 0x03FD
[0.248][linker]-[Debug]-[DjiProtocol_v1Pack:123) <0x04>V1-Send: 0x0507->0x0503 0x03FD
[0.272][linker]-[Debug]-[DjiLinker_DeInit:170) deinit linker success, protocol:2, channelId:0
[0.288][linker]-[Debug]-[DjiLinker_Init:128) init linker success, protocol:2, channelId:0
[0.288][linker]-[Debug]-[DjiProtocol_v1Pack:123) <0000>V1-Send: 0x0507->0x0503 0x03FD
[0.308][linker]-[Debug]-[DjiProtocol_v1Pack:123) <0x01>V1-Send: 0x0507->0x0503 0x03FD
[0.328][linker]-[Debug]-[DjiProtocol_v1Pack:123) <0x02>V1-Send: 0x0507->0x0503 0x03FD
[0.348][linker]-[Debug]-[DjiProtocol_v1Pack:123) <0x03>V1-Send: 0x0507->0x0503 0x03FD
[0.369][linker]-[Debug]-[DjiProtocol_v1Pack:123) <0x04>V1-Send: 0x0507->0x0503 0x03FD
[0.393][linker]-[Debug]-[DjiLinker_DeInit:170) deinit linker success, protocol:2, channelId:0
[0.409][linker]-[Debug]-[DjiLinker_Init:128) init linker success, protocol:2, channelId:0
[0.409][linker]-[Debug]-[DjiProtocol_v1Pack:123) <0000>V1-Send: 0x0507->0x0503 0x03FD
[0.414][linker]-[Debug]-[DjiProtocol_v1Unpack:215) <0000>V1-Recv: 0x0503->0x0507 0x03FD
[0.429][linker]-[Debug]-[DjiProtocol_v1Pack:123) <0x01>V1-Send: 0x0507->0x0503 0x03FD
[0.435][linker]-[Debug]-[DjiLinker_DeInit:170) deinit linker success, protocol:2, channelId:0
[0.435][adapter]-[Info]-[DjiAccessAdapter_Init:231) Identify aircraft series is Matrice 350 Series
[0.435][adapter]-[Info]-[DjiAccessAdapter_Init:264) Identify mount position type is Payload Port Type
[0.435][linker]-[Debug]-[DjiCommand_Init:158) config list channel id:2
[0.445][linker]-[Debug]-[DjiLinker_Init:128) init linker success, protocol:2, channelId:0
[0.445][linker]-[Debug]-[DjiCommand_Init:167) add linker node count:1
[0.445][adapter]-[Info]-[DjiAccessAdapter_Init:365) Identity uart0 baudrate is 460800 bps
[0.445][linker]-[Debug]-[DjiProtocol_v1Pack:123) <0xad89>V1-Send: 0x0507->0x0503 0x3C3D
[0.445][linker]-[Debug]-[DjiCommand_SendAsync:497) Max wait ack item count is 32.
[0.454][linker]-[Debug]-[DjiProtocol_v1Unpack:215) <0xad89>V1-Recv: 0x0503->0x0507 0x3C3D
[0.455][linker]-[Debug]-[DjiCommand_RecvWork:1066)  <0xad89>Receive msg from linker, 0x0503->0x0507 0x3C3D len:2
[0.455][linker]-[Debug]-[DjiCommand_SendSyncCallback:1014) PsdkCommand_SendSyncCallback success
[0.455][linker]-[Debug]-[DjiCommand_DealCmd:830) callback function (cmdset: 0x3C cmdid: 0x3D) deal time: 0 ms
[0.455][linker]-[Debug]-[DjiCommand_SendSync:553) sendSync callback success
[0.455][linker]-[Debug]-[DjiCommand_RegRecvCmdHandler:674) Reg command handle list success, index:0
[0.455][linker]-[Debug]-[DjiCommand_RegRecvCmdHandler:674) Reg command handle list success, index:1
[0.455][adapter]-[Info]-[DjiPayloadNegotiate_Init:243) Waiting payload negotiate finished.
[0.529][linker]-[Debug]-[DjiProtocol_v1Unpack:215) <0x7609>V1-Recv: 0x0503->0x0507 0x3C36
[0.529][linker]-[Debug]-[DjiProtocol_v1Unpack:215) <0x760a>V1-Recv: 0x0503->0x0507 0x3C43
[0.530][linker]-[Debug]-[DjiCommand_RecvWork:1066)  <0x7609>Receive msg from linker, 0x0503->0x0507 0x3C36 len:0
[0.530][linker]-[Debug]-[DjiCommand_DealCmd:919) received unsupport request cmd that need ack, <0x7609> cmdset: 0x3C cmdid: 0x36
[0.531][linker]-[Debug]-[DjiCommand_RecvWork:1066)  <0x760a>Receive msg from linker, 0x0503->0x0507 0x3C43 len:0
[0.531][linker]-[Debug]-[DjiCommand_DealCmd:919) received unsupport request cmd that need ack, <0x760a> cmdset: 0x3C cmdid: 0x43
[1.030][linker]-[Debug]-[DjiProtocol_v1Unpack:215) <0x761d>V1-Recv: 0x0503->0x0507 0x3C36
[1.030][linker]-[Debug]-[DjiProtocol_v1Unpack:215) <0x761e>V1-Recv: 0x0503->0x0507 0x3C43
[1.031][linker]-[Debug]-[DjiCommand_RecvWork:1066)  <0x761d>Receive msg from linker, 0x0503->0x0507 0x3C36 len:0
[1.031][linker]-[Debug]-[DjiCommand_DealCmd:919) received unsupport request cmd that need ack, <0x761d> cmdset: 0x3C cmdid: 0x36
[1.032][linker]-[Debug]-[DjiCommand_RecvWork:1066)  <0x761e>Receive msg from linker, 0x0503->0x0507 0x3C43 len:0
[1.032][linker]-[Debug]-[DjiCommand_DealCmd:919) received unsupport request cmd that need ack, <0x761e> cmdset: 0x3C cmdid: 0x43
[1.072][utils]-[Debug]-[DjiCore_RootTask:131) work execution time:
[1.072][utils]-[Debug]-[DjiCore_RootTask:132) name	                execution time (ms)	  max execution time (ms)
[1.072][utils]-[Debug]-[DjiCore_RootTask:134) recorderWork                    	0       	0       
[1.072][utils]-[Debug]-[DjiCore_RootTask:134) flowControllerTask              	0       	0       
[1.072][utils]-[Debug]-[DjiCore_RootTask:134) commandTask                     	1       	1       
[1.455][adapter]-[Info]-[DjiPayloadNegotiate_Init:247) No need wait negotiate finished
[1.455][adapter]-[Debug]-[DjiPayloadNegotiate_Init:269) Payload negotiate has finished.
[1.455][linker]-[Debug]-[DjiCommand_AntiRegRecvCmdHandler:722) Anti reg command handle list success, index:0
[1.460][linker]-[Debug]-[DjiLinker_DeInit:170) deinit linker success, protocol:2, channelId:0
[1.460][linker]-[Debug]-[DjiCommand_UpdateConfig:289) config list channel id:2
[1.472][linker]-[Debug]-[DjiLinker_Init:128) init linker success, protocol:2, channelId:0
[1.472][linker]-[Debug]-[DjiCommand_UpdateConfig:298) add linker node count:1
[1.472][linker]-[Debug]-[DjiCommand_UpdateConfig:289) config list channel id:2
[1.485][linker]-[Debug]-[DjiLinker_Init:128) init linker success, protocol:2, channelId:2
[1.485][linker]-[Debug]-[DjiCommand_UpdateConfig:298) add linker node count:2
[1.485][linker]-[Debug]-[DjiCommand_RegRecvCmdHandler:674) Reg command handle list success, index:0
[1.485][linker]-[Debug]-[DjiCommand_RegRecvCmdHandler:674) Reg command handle list success, index:2
[1.485][linker]-[Debug]-[DjiCommand_RegRecvCmdHandler:674) Reg command handle list success, index:3
[1.485][linker]-[Debug]-[DjiProtocol_v1Pack:123) <0xad8a>V1-Send: 0x0507->0x0500 0x3C40
[1.485][core]-[Info]-[DjiIdentityVerify_UpdatePolicy:474) Updating dji sdk policy file...
[1.486][linker]-[Debug]-[DjiProtocol_v1Pack:123) <0xad8b>V1-Send: 0x0507->0x0503 0x3C3E
[1.497][linker]-[Debug]-[DjiProtocol_v1Pack:123) <0xad8c>V1-Send: 0x0507->0x0503 0x3C3E
[1.504][linker]-[Debug]-[DjiProtocol_v1Unpack:215) <0xad8a>V1-Recv: 0x0500->0x0507 0x3C40
[1.505][linker]-[Debug]-[DjiCommand_RecvWork:1066)  <0xad8a>Receive msg from linker, 0x0500->0x0507 0x3C40 len:4
[1.505][auth]-[Debug]-[DjiIdentityVerify_RequestUpdatePolicyAsyncCallback:429) request update policy file success
[1.505][linker]-[Debug]-[DjiCommand_DealCmd:830) callback function (cmdset: 0x3C cmdid: 0x40) deal time: 0 ms
[1.510][linker]-[Debug]-[DjiProtocol_v1Pack:123) <0xad8d>V1-Send: 0x0507->0x0503 0x3C3E
[1.514][linker]-[Debug]-[DjiProtocol_v1Unpack:215) <0x32>V1-Recv: 0x1407->0x0507 0x3C40
[1.515][linker]-[Debug]-[DjiCommand_RecvWork:1066)  <0x32>Receive msg from linker, 0x1407->0x0507 0x3C40 len:12
[1.515][auth]-[Debug]-[DjiIdentityVerify_RequestUploadPolicyFileHandle:300) request upload policy file type:0
[1.515][auth]-[Debug]-[DjiIdentityVerify_RequestUploadPolicyFileHandle:313) upload policy file info md5 checksum and version
[1.515][linker]-[Debug]-[DjiProtocol_v1Pack:123) <0x32>V1-Send: 0x0507->0x1407 0x3C40
[1.522][linker]-[Debug]-[DjiProtocol_v1Pack:123) <0xad8e>V1-Send: 0x0507->0x0503 0x3C3E
[1.529][linker]-[Debug]-[DjiProtocol_v1Unpack:215) <0x762b>V1-Recv: 0x0503->0x0507 0x3C36
[1.529][linker]-[Debug]-[DjiProtocol_v1Unpack:215) <0x762c>V1-Recv: 0x0503->0x0507 0x3C43
[1.539][linker]-[Debug]-[DjiCommand_RecvWork:1066)  <0x762b>Receive msg from linker, 0x0503->0x0507 0x3C36 len:0
[1.539][linker]-[Debug]-[DjiProtocol_v1Pack:123) <0x762b>V1-Send: 0x0507->0x0503 0x3C36
[1.540][linker]-[Debug]-[DjiCommand_RecvWork:1066)  <0x762c>Receive msg from linker, 0x0503->0x0507 0x3C43 len:0
[1.541][linker]-[Debug]-[DjiCommand_DealCmd:919) received unsupport request cmd that need ack, <0x762c> cmdset: 0x3C cmdid: 0x43
[1.549][linker]-[Debug]-[DjiProtocol_v1Pack:123) <0xad8f>V1-Send: 0x0507->0x0503 0x3C3E
[1.559][linker]-[Debug]-[DjiProtocol_v1Unpack:215) <0x33>V1-Recv: 0x1407->0x0507 0x3C40
[1.560][linker]-[Debug]-[DjiCommand_RecvWork:1066)  <0x33>Receive msg from linker, 0x1407->0x0507 0x3C40 len:12
[1.560][auth]-[Debug]-[DjiIdentityVerify_RequestUploadPolicyFileHandle:300) request upload policy file type:1
[1.560][auth]-[Debug]-[DjiIdentityVerify_RequestUploadPolicyFileHandle:332) request upload policy file data: 0 0 200
[1.560][linker]-[Debug]-[DjiProtocol_v1Pack:123) <0x33>V1-Send: 0x0507->0x1407 0x3C40
[1.561][linker]-[Debug]-[DjiProtocol_v1Pack:123) <0xad90>V1-Send: 0x0507->0x0503 0x3C3E
[1.572][linker]-[Debug]-[DjiProtocol_v1Pack:123) <0xad91>V1-Send: 0x0507->0x0503 0x3C3E
[1.583][linker]-[Debug]-[DjiProtocol_v1Pack:123) <0xad92>V1-Send: 0x0507->0x0503 0x3C3E
[1.594][linker]-[Debug]-[DjiProtocol_v1Pack:123) <0xad93>V1-Send: 0x0507->0x0503 0x3C3E
[1.599][linker]-[Debug]-[DjiProtocol_v1Unpack:215) <0x34>V1-Recv: 0x1407->0x0507 0x3C40
[1.600][linker]-[Debug]-[DjiCommand_RecvWork:1066)  <0x34>Receive msg from linker, 0x1407->0x0507 0x3C40 len:12
[1.600][auth]-[Debug]-[DjiIdentityVerify_RequestUploadPolicyFileHandle:300) request upload policy file type:1
[1.600][auth]-[Debug]-[DjiIdentityVerify_RequestUploadPolicyFileHandle:332) request upload policy file data: 1 200 200
[1.600][linker]-[Debug]-[DjiProtocol_v1Pack:123) <0x34>V1-Send: 0x0507->0x1407 0x3C40
[1.605][linker]-[Debug]-[DjiProtocol_v1Pack:123) <0xad94>V1-Send: 0x0507->0x0503 0x3C3E
[1.617][linker]-[Debug]-[DjiProtocol_v1Pack:123) <0xad95>V1-Send: 0x0507->0x0503 0x3C3E
[1.628][linker]-[Debug]-[DjiProtocol_v1Pack:123) <0xad96>V1-Send: 0x0507->0x0503 0x3C3E
[1.639][linker]-[Debug]-[DjiProtocol_v1Unpack:215) <0x35>V1-Recv: 0x1407->0x0507 0x3C40
[1.639][linker]-[Debug]-[DjiCommand_RecvWork:1066)  <0x35>Receive msg from linker, 0x1407->0x0507 0x3C40 len:12
[1.639][auth]-[Debug]-[DjiIdentityVerify_RequestUploadPolicyFileHandle:300) request upload policy file type:1
[1.639][auth]-[Debug]-[DjiIdentityVerify_RequestUploadPolicyFileHandle:332) request upload policy file data: 2 400 111
[1.639][linker]-[Debug]-[DjiProtocol_v1Pack:123) <0x35>V1-Send: 0x0507->0x1407 0x3C40
[1.679][linker]-[Debug]-[DjiProtocol_v1Unpack:215) <0x36>V1-Recv: 0x1407->0x0507 0x3C40
[1.679][linker]-[Debug]-[DjiCommand_RecvWork:1066)  <0x36>Receive msg from linker, 0x1407->0x0507 0x3C40 len:12
[1.679][auth]-[Debug]-[DjiIdentityVerify_RequestUploadPolicyFileHandle:300) request upload policy file type:2
[1.679][auth]-[Debug]-[DjiIdentityVerify_RequestUploadPolicyFileHandle:354) request upload policy file success
[1.679][linker]-[Debug]-[DjiProtocol_v1Pack:123) <0x36>V1-Send: 0x0507->0x1407 0x3C40
[2.030][linker]-[Debug]-[DjiProtocol_v1Unpack:215) <0x7644>V1-Recv: 0x0503->0x0507 0x3C36
[2.030][linker]-[Debug]-[DjiProtocol_v1Unpack:215) <0x7645>V1-Recv: 0x0503->0x0507 0x3C43
[2.030][linker]-[Debug]-[DjiCommand_RecvWork:1066)  <0x7644>Receive msg from linker, 0x0503->0x0507 0x3C36 len:0
[2.030][linker]-[Debug]-[DjiProtocol_v1Pack:123) <0x7644>V1-Send: 0x0507->0x0503 0x3C36
[2.032][linker]-[Debug]-[DjiCommand_RecvWork:1066)  <0x7645>Receive msg from linker, 0x0503->0x0507 0x3C43 len:0
[2.032][linker]-[Debug]-[DjiCommand_DealCmd:919) received unsupport request cmd that need ack, <0x7645> cmdset: 0x3C cmdid: 0x43
[2.166][utils]-[Debug]-[DjiCore_RootTask:131) work execution time:
[2.166][utils]-[Debug]-[DjiCore_RootTask:132) name	                execution time (ms)	  max execution time (ms)
[2.166][utils]-[Debug]-[DjiCore_RootTask:134) recorderWork                    	1       	1       
[2.166][utils]-[Debug]-[DjiCore_RootTask:134) flowControllerTask              	0       	0       
[2.166][utils]-[Debug]-[DjiCore_RootTask:134) commandTask                     	1       	1       
[2.485][core]-[Info]-[DjiIdentityVerify_UpdatePolicy:482) Update dji sdk policy file successfully
[2.485][linker]-[Debug]-[DjiCommand_RegRecvCmdHandler:674) Reg command handle list success, index:4
[2.485][linker]-[Debug]-[DjiCommand_RegRecvCmdHandler:674) Reg command handle list success, index:5
[2.485][linker]-[Debug]-[DjiProtocol_v1Pack:123) <0xad97>V1-Send: 0x0507->0x0503 0x03FD
[2.494][linker]-[Debug]-[DjiProtocol_v1Unpack:215) <0xad97>V1-Recv: 0x0503->0x0507 0x03FD
[2.494][linker]-[Debug]-[DjiProtocol_v1Pack:123) <0xad98>V1-Send: 0x0507->0x0503 0x3C3E
[2.494][linker]-[Debug]-[DjiCommand_RecvWork:1066)  <0xad97>Receive msg from linker, 0x0503->0x0507 0x03FD len:1
[2.494][linker]-[Debug]-[DjiCommand_SendSyncCallback:1014) PsdkCommand_SendSyncCallback success
[2.494][linker]-[Debug]-[DjiCommand_DealCmd:830) callback function (cmdset: 0x03 cmdid: 0xFD) deal time: 0 ms
[2.494][linker]-[Debug]-[DjiCommand_SendSync:553) sendSync callback success
[2.494][linker]-[Debug]-[DjiProtocol_v1Pack:123) <0xad99>V1-Send: 0x0507->0x0503 0x3C3D
[2.504][linker]-[Debug]-[DjiProtocol_v1Unpack:215) <0xad99>V1-Recv: 0x0503->0x0507 0x3C3D
[2.504][linker]-[Debug]-[DjiCommand_RecvWork:1066)  <0xad99>Receive msg from linker, 0x0503->0x0507 0x3C3D len:2
[2.504][linker]-[Debug]-[DjiCommand_SendSyncCallback:1014) PsdkCommand_SendSyncCallback success
[2.504][linker]-[Debug]-[DjiCommand_DealCmd:830) callback function (cmdset: 0x3C cmdid: 0x3D) deal time: 0 ms
[2.504][linker]-[Debug]-[DjiCommand_SendSync:553) sendSync callback success
[2.504][linker]-[Debug]-[DjiProtocol_v1Pack:123) <0xad9a>V1-Send: 0x0507->0x0500 0x1932
[2.530][linker]-[Debug]-[DjiProtocol_v1Unpack:215) <0x7653>V1-Recv: 0x0503->0x0507 0x3C36
[2.530][linker]-[Debug]-[DjiProtocol_v1Unpack:215) <0x7654>V1-Recv: 0x0503->0x0507 0x3C43
[2.531][linker]-[Debug]-[DjiCommand_RecvWork:1066)  <0x7653>Receive msg from linker, 0x0503->0x0507 0x3C36 len:0
[2.531][linker]-[Debug]-[DjiProtocol_v1Pack:123) <0x7653>V1-Send: 0x0507->0x0503 0x3C36
[2.532][linker]-[Debug]-[DjiCommand_RecvWork:1066)  <0x7654>Receive msg from linker, 0x0503->0x0507 0x3C43 len:0
[2.532][linker]-[Debug]-[DjiProtocol_v1Pack:123) <0x7654>V1-Send: 0x0507->0x0503 0x3C43
[3.030][linker]-[Debug]-[DjiProtocol_v1Unpack:215) <0x7667>V1-Recv: 0x0503->0x0507 0x3C36
[3.030][linker]-[Debug]-[DjiProtocol_v1Unpack:215) <0x7668>V1-Recv: 0x0503->0x0507 0x3C43
[3.031][linker]-[Debug]-[DjiCommand_RecvWork:1066)  <0x7667>Receive msg from linker, 0x0503->0x0507 0x3C36 len:0
[3.031][linker]-[Debug]-[DjiProtocol_v1Pack:123) <0x7667>V1-Send: 0x0507->0x0503 0x3C36
[3.032][linker]-[Debug]-[DjiCommand_RecvWork:1066)  <0x7668>Receive msg from linker, 0x0503->0x0507 0x3C43 len:0
[3.032][linker]-[Debug]-[DjiProtocol_v1Pack:123) <0x7668>V1-Send: 0x0507->0x0503 0x3C43
[3.230][utils]-[Debug]-[DjiCore_RootTask:131) work execution time:
[3.230][utils]-[Debug]-[DjiCore_RootTask:132) name	                execution time (ms)	  max execution time (ms)
[3.230][utils]-[Debug]-[DjiCore_RootTask:134) recorderWork                    	0       	1       
[3.230][utils]-[Debug]-[DjiCore_RootTask:134) flowControllerTask              	0       	0       
[3.230][utils]-[Debug]-[DjiCore_RootTask:134) commandTask                     	0       	1       
[3.504][linker]-[Debug]-[DjiProtocol_v1Pack:123) <0xad9a>V1-Send: 0x0507->0x0500 0x1932
[3.529][linker]-[Debug]-[DjiProtocol_v1Unpack:215) <0x7674>V1-Recv: 0x0503->0x0507 0x3C36
[3.529][linker]-[Debug]-[DjiProtocol_v1Unpack:215) <0x7675>V1-Recv: 0x0503->0x0507 0x3C43
[3.530][linker]-[Debug]-[DjiCommand_RecvWork:1066)  <0x7674>Receive msg from linker, 0x0503->0x0507 0x3C36 len:0
[3.530][linker]-[Debug]-[DjiProtocol_v1Pack:123) <0x7674>V1-Send: 0x0507->0x0503 0x3C36
[3.531][linker]-[Debug]-[DjiCommand_RecvWork:1066)  <0x7675>Receive msg from linker, 0x0503->0x0507 0x3C43 len:0
[3.531][linker]-[Debug]-[DjiProtocol_v1Pack:123) <0x7675>V1-Send: 0x0507->0x0503 0x3C43
[4.030][linker]-[Debug]-[DjiProtocol_v1Unpack:215) <0x7688>V1-Recv: 0x0503->0x0507 0x3C36
[4.030][linker]-[Debug]-[DjiProtocol_v1Unpack:215) <0x7689>V1-Recv: 0x0503->0x0507 0x3C43
[4.030][linker]-[Debug]-[DjiCommand_RecvWork:1066)  <0x7688>Receive msg from linker, 0x0503->0x0507 0x3C36 len:0
[4.030][linker]-[Debug]-[DjiProtocol_v1Pack:123) <0x7688>V1-Send: 0x0507->0x0503 0x3C36
[4.032][linker]-[Debug]-[DjiCommand_RecvWork:1066)  <0x7689>Receive msg from linker, 0x0503->0x0507 0x3C43 len:0
[4.032][linker]-[Debug]-[DjiProtocol_v1Pack:123) <0x7689>V1-Send: 0x0507->0x0503 0x3C43
[4.305][utils]-[Debug]-[DjiCore_RootTask:131) work execution time:
[4.305][utils]-[Debug]-[DjiCore_RootTask:132) name	                execution time (ms)	  max execution time (ms)
[4.305][utils]-[Debug]-[DjiCore_RootTask:134) recorderWork                    	1       	1       
[4.305][utils]-[Debug]-[DjiCore_RootTask:134) flowControllerTask              	1       	1       
[4.305][utils]-[Debug]-[DjiCore_RootTask:134) commandTask                     	1       	1       
[4.505][linker]-[Warn]-[DjiCommand_SendAsyncHandle:963) <0xad9a>Command async send retry: index = 0, retryTimes = 3, 0x0507->0x0500 0x1932
[4.505][linker]-[Debug]-[DjiProtocol_v1Pack:123) <0xad9a>V1-Send: 0x0507->0x0500 0x1932
[4.506][linker]-[Debug]-[DjiProtocol_v1Pack:123) <0xad9b>V1-Send: 0x0507->0x0503 0x3C3E
[4.529][linker]-[Debug]-[DjiProtocol_v1Unpack:215) <0x7695>V1-Recv: 0x0503->0x0507 0x3C36
[4.529][linker]-[Debug]-[DjiProtocol_v1Unpack:215) <0x7696>V1-Recv: 0x0503->0x0507 0x3C43
[4.530][linker]-[Debug]-[DjiCommand_RecvWork:1066)  <0x7695>Receive msg from linker, 0x0503->0x0507 0x3C36 len:0
[4.530][linker]-[Debug]-[DjiProtocol_v1Pack:123) <0x7695>V1-Send: 0x0507->0x0503 0x3C36
[4.531][linker]-[Debug]-[DjiCommand_RecvWork:1066)  <0x7696>Receive msg from linker, 0x0503->0x0507 0x3C43 len:0
[4.531][linker]-[Debug]-[DjiProtocol_v1Pack:123) <0x7696>V1-Send: 0x0507->0x0503 0x3C43
[5.030][linker]-[Debug]-[DjiProtocol_v1Unpack:215) <0x76aa>V1-Recv: 0x0503->0x0507 0x3C36
[5.030][linker]-[Debug]-[DjiProtocol_v1Unpack:215) <0x76ab>V1-Recv: 0x0503->0x0507 0x3C43
[5.030][linker]-[Debug]-[DjiCommand_RecvWork:1066)  <0x76aa>Receive msg from linker, 0x0503->0x0507 0x3C36 len:0
[5.030][linker]-[Debug]-[DjiProtocol_v1Pack:123) <0x76aa>V1-Send: 0x0507->0x0503 0x3C36
[5.032][linker]-[Debug]-[DjiCommand_RecvWork:1066)  <0x76ab>Receive msg from linker, 0x0503->0x0507 0x3C43 len:0
[5.032][linker]-[Debug]-[DjiProtocol_v1Pack:123) <0x76ab>V1-Send: 0x0507->0x0503 0x3C43
[5.370][utils]-[Debug]-[DjiCore_RootTask:131) work execution time:
[5.370][utils]-[Debug]-[DjiCore_RootTask:132) name	                execution time (ms)	  max execution time (ms)
[5.370][utils]-[Debug]-[DjiCore_RootTask:134) recorderWork                    	1       	1       
[5.370][utils]-[Debug]-[DjiCore_RootTask:134) flowControllerTask              	0       	1       
[5.370][utils]-[Debug]-[DjiCore_RootTask:134) commandTask                     	1       	1       
[5.506][linker]-[Warn]-[DjiCommand_SendAsyncHandle:963) <0xad9a>Command async send retry: index = 0, retryTimes = 2, 0x0507->0x0500 0x1932
[5.506][linker]-[Debug]-[DjiProtocol_v1Pack:123) <0xad9a>V1-Send: 0x0507->0x0500 0x1932
[5.507][linker]-[Debug]-[DjiProtocol_v1Pack:123) <0xad9c>V1-Send: 0x0507->0x0503 0x3C3E
[5.529][linker]-[Debug]-[DjiProtocol_v1Unpack:215) <0x76b7>V1-Recv: 0x0503->0x0507 0x3C36
[5.529][linker]-[Debug]-[DjiProtocol_v1Unpack:215) <0x76b8>V1-Recv: 0x0503->0x0507 0x3C43
[5.530][linker]-[Debug]-[DjiCommand_RecvWork:1066)  <0x76b7>Receive msg from linker, 0x0503->0x0507 0x3C36 len:0
[5.530][linker]-[Debug]-[DjiProtocol_v1Pack:123) <0x76b7>V1-Send: 0x0507->0x0503 0x3C36
[5.531][linker]-[Debug]-[DjiCommand_RecvWork:1066)  <0x76b8>Receive msg from linker, 0x0503->0x0507 0x3C43 len:0
[5.531][linker]-[Debug]-[DjiProtocol_v1Pack:123) <0x76b8>V1-Send: 0x0507->0x0503 0x3C43
[6.031][linker]-[Debug]-[DjiProtocol_v1Unpack:215) <0x76cc>V1-Recv: 0x0503->0x0507 0x3C36
[6.031][linker]-[Debug]-[DjiProtocol_v1Unpack:215) <0x76cd>V1-Recv: 0x0503->0x0507 0x3C43
[6.031][linker]-[Debug]-[DjiCommand_RecvWork:1066)  <0x76cc>Receive msg from linker, 0x0503->0x0507 0x3C36 len:0
[6.031][linker]-[Debug]-[DjiProtocol_v1Pack:123) <0x76cc>V1-Send: 0x0507->0x0503 0x3C36
[6.033][linker]-[Debug]-[DjiCommand_RecvWork:1066)  <0x76cd>Receive msg from linker, 0x0503->0x0507 0x3C43 len:0
[6.033][linker]-[Debug]-[DjiProtocol_v1Pack:123) <0x76cd>V1-Send: 0x0507->0x0503 0x3C43
[6.444][utils]-[Debug]-[DjiCore_RootTask:131) work execution time:
[6.444][utils]-[Debug]-[DjiCore_RootTask:132) name	                execution time (ms)	  max execution time (ms)
[6.445][utils]-[Debug]-[DjiCore_RootTask:134) recorderWork                    	0       	1       
[6.445][utils]-[Debug]-[DjiCore_RootTask:134) flowControllerTask              	0       	1       
[6.445][utils]-[Debug]-[DjiCore_RootTask:134) commandTask                     	1       	1       
[6.507][linker]-[Warn]-[DjiCommand_SendAsyncHandle:963) <0xad9a>Command async send retry: index = 0, retryTimes = 1, 0x0507->0x0500 0x1932
[6.507][linker]-[Debug]-[DjiProtocol_v1Pack:123) <0xad9a>V1-Send: 0x0507->0x0500 0x1932
[6.518][linker]-[Debug]-[DjiProtocol_v1Pack:123) <0xad9d>V1-Send: 0x0507->0x0503 0x3C3E
[6.529][linker]-[Debug]-[DjiProtocol_v1Unpack:215) <0x76d8>V1-Recv: 0x0503->0x0507 0x3C36
[6.529][linker]-[Debug]-[DjiProtocol_v1Unpack:215) <0x76d9>V1-Recv: 0x0503->0x0507 0x3C43
[6.530][linker]-[Debug]-[DjiCommand_RecvWork:1066)  <0x76d8>Receive msg from linker, 0x0503->0x0507 0x3C36 len:0
[6.530][linker]-[Debug]-[DjiProtocol_v1Pack:123) <0x76d8>V1-Send: 0x0507->0x0503 0x3C36
[6.531][linker]-[Debug]-[DjiCommand_RecvWork:1066)  <0x76d9>Receive msg from linker, 0x0503->0x0507 0x3C43 len:0
[6.531][linker]-[Debug]-[DjiProtocol_v1Pack:123) <0x76d9>V1-Send: 0x0507->0x0503 0x3C43
[7.031][linker]-[Debug]-[DjiProtocol_v1Unpack:215) <0x76ed>V1-Recv: 0x0503->0x0507 0x3C36
[7.031][linker]-[Debug]-[DjiProtocol_v1Unpack:215) <0x76ee>V1-Recv: 0x0503->0x0507 0x3C43
[7.032][linker]-[Debug]-[DjiCommand_RecvWork:1066)  <0x76ed>Receive msg from linker, 0x0503->0x0507 0x3C36 len:0
[7.032][linker]-[Debug]-[DjiProtocol_v1Pack:123) <0x76ed>V1-Send: 0x0507->0x0503 0x3C36
[7.033][linker]-[Debug]-[DjiCommand_RecvWork:1066)  <0x76ee>Receive msg from linker, 0x0503->0x0507 0x3C43 len:0
[7.033][linker]-[Debug]-[DjiProtocol_v1Pack:123) <0x76ee>V1-Send: 0x0507->0x0503 0x3C43
[7.508][linker]-[Error]-[DjiCommand_SendAsyncHandle:975) Command async send error 0
[7.508][linker]-[Debug]-[DjiCommand_SendAsyncHandle:994) Timeout func deal about: 0 ms
[7.508][linker]-[Error]-[DjiCommand_SendSync:550) sendSync callback timeout
[7.508][infor]-[Error]-[DjiMountPosition_GetOnPayloadPort:109) get payload mount position error: 0x000000E1.
[7.508][infor]-[Error]-[DjiAircraftInfo_Init:269) Get sdk mount position error. Probably the DJI SDK Adpater has not binded. Please check the bind state of the DJI SDK Adpater and bind it. 
[7.508][linker]-[Debug]-[DjiProtocol_v1Pack:123) <0xad9e>V1-Send: 0x0507->0x0500 0x1932
[7.509][utils]-[Debug]-[DjiCore_RootTask:131) work execution time:
[7.509][utils]-[Debug]-[DjiCore_RootTask:132) name	                execution time (ms)	  max execution time (ms)
[7.509][utils]-[Debug]-[DjiCore_RootTask:134) recorderWork                    	1       	1       
[7.509][utils]-[Debug]-[DjiCore_RootTask:134) flowControllerTask              	1       	1       
[7.509][utils]-[Debug]-[DjiCore_RootTask:134) commandTask                     	1       	1       
[7.519][linker]-[Debug]-[DjiProtocol_v1Pack:123) <0xad9f>V1-Send: 0x0507->0x0503 0x3C3E
[7.529][linker]-[Debug]-[DjiProtocol_v1Unpack:215) <0x76fa>V1-Recv: 0x0503->0x0507 0x3C36
[7.529][linker]-[Debug]-[DjiProtocol_v1Unpack:215) <0x76fb>V1-Recv: 0x0503->0x0507 0x3C43
[7.530][linker]-[Debug]-[DjiProtocol_v1Pack:123) <0xada0>V1-Send: 0x0507->0x0503 0x3C3E
[7.530][linker]-[Debug]-[DjiCommand_RecvWork:1066)  <0x76fa>Receive msg from linker, 0x0503->0x0507 0x3C36 len:0
[7.530][linker]-[Debug]-[DjiProtocol_v1Pack:123) <0x76fa>V1-Send: 0x0507->0x0503 0x3C36
[7.531][linker]-[Debug]-[DjiCommand_RecvWork:1066)  <0x76fb>Receive msg from linker, 0x0503->0x0507 0x3C43 len:0
[7.531][linker]-[Debug]-[DjiProtocol_v1Pack:123) <0x76fb>V1-Send: 0x0507->0x0503 0x3C43
[7.540][linker]-[Debug]-[DjiProtocol_v1Pack:123) <0xada1>V1-Send: 0x0507->0x0503 0x3C3E
[7.552][linker]-[Debug]-[DjiProtocol_v1Pack:123) <0xada2>V1-Send: 0x0507->0x0503 0x3C3E
[8.031][linker]-[Debug]-[DjiProtocol_v1Unpack:215) <0x7711>V1-Recv: 0x0503->0x0507 0x3C36
[8.031][linker]-[Debug]-[DjiProtocol_v1Unpack:215) <0x7712>V1-Recv: 0x0503->0x0507 0x3C43
[8.031][linker]-[Debug]-[DjiCommand_RecvWork:1066)  <0x7711>Receive msg from linker, 0x0503->0x0507 0x3C36 len:0
[8.031][linker]-[Debug]-[DjiProtocol_v1Pack:123) <0x7711>V1-Send: 0x0507->0x0503 0x3C36
[8.032][linker]-[Debug]-[DjiCommand_RecvWork:1066)  <0x7712>Receive msg from linker, 0x0503->0x0507 0x3C43 len:0
[8.032][linker]-[Debug]-[DjiProtocol_v1Pack:123) <0x7712>V1-Send: 0x0507->0x0503 0x3C43
[8.509][linker]-[Debug]-[DjiProtocol_v1Pack:123) <0xad9e>V1-Send: 0x0507->0x0500 0x1932
[8.530][linker]-[Debug]-[DjiProtocol_v1Unpack:215) <0x771d>V1-Recv: 0x0503->0x0507 0x3C36
[8.530][linker]-[Debug]-[DjiProtocol_v1Unpack:215) <0x771e>V1-Recv: 0x0503->0x0507 0x3C43
[8.530][linker]-[Debug]-[DjiCommand_RecvWork:1066)  <0x771d>Receive msg from linker, 0x0503->0x0507 0x3C36 len:0
[8.530][linker]-[Debug]-[DjiProtocol_v1Pack:123) <0x771d>V1-Send: 0x0507->0x0503 0x3C36
[8.532][linker]-[Debug]-[DjiCommand_RecvWork:1066)  <0x771e>Receive msg from linker, 0x0503->0x0507 0x3C43 len:0
[8.532][linker]-[Debug]-[DjiProtocol_v1Pack:123) <0x771e>V1-Send: 0x0507->0x0503 0x3C43
[8.596][utils]-[Debug]-[DjiCore_RootTask:131) work execution time:
[8.596][utils]-[Debug]-[DjiCore_RootTask:132) name	                execution time (ms)	  max execution time (ms)
[8.597][utils]-[Debug]-[DjiCore_RootTask:134) recorderWork                    	1       	1       
[8.597][utils]-[Debug]-[DjiCore_RootTask:134) flowControllerTask              	1       	1       
[8.597][utils]-[Debug]-[DjiCore_RootTask:134) commandTask                     	1       	1       
[9.031][linker]-[Debug]-[DjiProtocol_v1Unpack:215) <0x7731>V1-Recv: 0x0503->0x0507 0x3C36
[9.031][linker]-[Debug]-[DjiProtocol_v1Unpack:215) <0x7732>V1-Recv: 0x0503->0x0507 0x3C43
[9.032][linker]-[Debug]-[DjiCommand_RecvWork:1066)  <0x7731>Receive msg from linker, 0x0503->0x0507 0x3C36 len:0
[9.032][linker]-[Debug]-[DjiProtocol_v1Pack:123) <0x7731>V1-Send: 0x0507->0x0503 0x3C36
[9.033][linker]-[Debug]-[DjiCommand_RecvWork:1066)  <0x7732>Receive msg from linker, 0x0503->0x0507 0x3C43 len:0
[9.033][linker]-[Debug]-[DjiProtocol_v1Pack:123) <0x7732>V1-Send: 0x0507->0x0503 0x3C43
[9.510][linker]-[Warn]-[DjiCommand_SendAsyncHandle:963) <0xad9e>Command async send retry: index = 0, retryTimes = 3, 0x0507->0x0500 0x1932
[9.510][linker]-[Debug]-[DjiProtocol_v1Pack:123) <0xad9e>V1-Send: 0x0507->0x0500 0x1932
[9.521][linker]-[Debug]-[DjiProtocol_v1Pack:123) <0xada3>V1-Send: 0x0507->0x0503 0x3C3E
[9.530][linker]-[Debug]-[DjiProtocol_v1Unpack:215) <0x773e>V1-Recv: 0x0503->0x0507 0x3C36
[9.530][linker]-[Debug]-[DjiProtocol_v1Unpack:215) <0x773f>V1-Recv: 0x0503->0x0507 0x3C43
[9.531][linker]-[Debug]-[DjiCommand_RecvWork:1066)  <0x773e>Receive msg from linker, 0x0503->0x0507 0x3C36 len:0
[9.531][linker]-[Debug]-[DjiProtocol_v1Pack:123) <0x773e>V1-Send: 0x0507->0x0503 0x3C36
[9.532][linker]-[Debug]-[DjiCommand_RecvWork:1066)  <0x773f>Receive msg from linker, 0x0503->0x0507 0x3C43 len:0
[9.532][linker]-[Debug]-[DjiProtocol_v1Pack:123) <0x773f>V1-Send: 0x0507->0x0503 0x3C43
[9.661][utils]-[Debug]-[DjiCore_RootTask:131) work execution time:
[9.661][utils]-[Debug]-[DjiCore_RootTask:132) name	                execution time (ms)	  max execution time (ms)
[9.661][utils]-[Debug]-[DjiCore_RootTask:134) recorderWork                    	1       	1       
[9.661][utils]-[Debug]-[DjiCore_RootTask:134) flowControllerTask              	0       	1       
[9.661][utils]-[Debug]-[DjiCore_RootTask:134) commandTask                     	1       	1       
